<?xml version="1.0" encoding="UTF-8"?>
<testsuite name="org.adaschool.api.controller.ProductsControllerTest" tests="1" skipped="0" failures="0" errors="0" timestamp="2024-02-21T06:19:50" hostname="LAPTOP-CQ5K3CCK" time="0.338">
  <properties/>
  <testcase name="testFindByIdExistingProduct()" classname="org.adaschool.api.controller.ProductsControllerTest" time="0.338"/>
  <system-out><![CDATA[01:19:46.223 [Test worker] DEBUG org.springframework.boot.test.context.SpringBootTestContextBootstrapper - Neither @ContextConfiguration nor @ContextHierarchy found for test class [ProductsControllerTest]: using SpringBootContextLoader
01:19:46.232 [Test worker] DEBUG org.springframework.test.context.support.AbstractContextLoader - Could not detect default resource locations for test class [org.adaschool.api.controller.ProductsControllerTest]: no resource found for suffixes {-context.xml, Context.groovy}.
01:19:46.234 [Test worker] INFO org.springframework.test.context.support.AnnotationConfigContextLoaderUtils - Could not detect default configuration classes for test class [org.adaschool.api.controller.ProductsControllerTest]: ProductsControllerTest does not declare any static, non-private, non-final, nested classes annotated with @Configuration.
01:19:46.295 [Test worker] DEBUG org.springframework.boot.test.context.SpringBootTestContextBootstrapper - Using ContextCustomizers for test class [ProductsControllerTest]: [DisableObservabilityContextCustomizer, PropertyMappingContextCustomizer, Customizer, ExcludeFilterContextCustomizer, DuplicateJsonObjectContextCustomizer, MockitoContextCustomizer, TestRestTemplateContextCustomizer]
01:19:46.441 [Test worker] DEBUG org.springframework.context.annotation.ClassPathScanningCandidateComponentProvider - Identified candidate component class: file [D:\Descargas\spring-boot-java-assignments\build\classes\java\main\org\adaschool\api\SpringBootJavaAssignmentsApplication.class]
01:19:46.443 [Test worker] INFO org.springframework.boot.test.context.SpringBootTestContextBootstrapper - Found @SpringBootConfiguration org.adaschool.api.SpringBootJavaAssignmentsApplication for test class org.adaschool.api.controller.ProductsControllerTest
01:19:46.595 [Test worker] DEBUG org.springframework.test.context.util.TestContextSpringFactoriesUtils - Skipping candidate TestExecutionListener [org.springframework.test.context.transaction.TransactionalTestExecutionListener] due to a missing dependency. Specify custom TestExecutionListener classes or make the default TestExecutionListener classes and their required dependencies available. Offending class: [org/springframework/transaction/interceptor/TransactionAttributeSource]
01:19:46.598 [Test worker] DEBUG org.springframework.test.context.util.TestContextSpringFactoriesUtils - Skipping candidate TestExecutionListener [org.springframework.test.context.jdbc.SqlScriptsTestExecutionListener] due to a missing dependency. Specify custom TestExecutionListener classes or make the default TestExecutionListener classes and their required dependencies available. Offending class: [org/springframework/transaction/interceptor/TransactionAttribute]
01:19:46.601 [Test worker] DEBUG org.springframework.boot.test.context.SpringBootTestContextBootstrapper - Using TestExecutionListeners for test class [ProductsControllerTest]: [ServletTestExecutionListener, DirtiesContextBeforeModesTestExecutionListener, ApplicationEventsTestExecutionListener, MockitoTestExecutionListener, DependencyInjectionTestExecutionListener, DirtiesContextTestExecutionListener, EventPublishingTestExecutionListener, RestDocsTestExecutionListener, MockRestServiceServerResetTestExecutionListener, MockMvcPrintOnlyOnFailureTestExecutionListener, WebDriverTestExecutionListener, MockWebServiceServerTestExecutionListener, ResetMocksTestExecutionListener]
01:19:46.603 [Test worker] DEBUG org.springframework.test.context.support.AbstractDirtiesContextTestExecutionListener - Before test class: class [ProductsControllerTest], class annotated with @DirtiesContext [false] with mode [null]

  .   ____          _            __ _ _
 /\\ / ___'_ __ _ _(_)_ __  __ _ \ \ \ \
( ( )\___ | '_ | '_| | '_ \/ _` | \ \ \ \
 \\/  ___)| |_)| | | | | || (_| |  ) ) ) )
  '  |____| .__|_| |_|_| |_\__, | / / / /
 =========|_|==============|___/=/_/_/_/
 :: Spring Boot ::                (v3.0.2)

2024-02-21T01:19:47.084-05:00  INFO 11336 --- [    Test worker] o.a.a.controller.ProductsControllerTest  : Starting ProductsControllerTest using Java 17.0.8.1 with PID 11336 (started by User in D:\Descargas\spring-boot-java-assignments)
2024-02-21T01:19:47.088-05:00  INFO 11336 --- [    Test worker] o.a.a.controller.ProductsControllerTest  : No active profile set, falling back to 1 default profile: "default"
2024-02-21T01:19:50.175-05:00  INFO 11336 --- [    Test worker] o.a.a.controller.ProductsControllerTest  : Started ProductsControllerTest in 3.485 seconds (process running for 6.577)
2024-02-21T01:19:50.243-05:00  INFO 11336 --- [    Test worker] o.s.mock.web.MockServletContext          : Initializing Spring TestDispatcherServlet ''
2024-02-21T01:19:50.243-05:00  INFO 11336 --- [    Test worker] o.s.t.web.servlet.TestDispatcherServlet  : Initializing Servlet ''
2024-02-21T01:19:50.246-05:00  INFO 11336 --- [    Test worker] o.s.t.web.servlet.TestDispatcherServlet  : Completed initialization in 1 ms
]]></system-out>
  <system-err><![CDATA[]]></system-err>
</testsuite>
